###############################################################################
#                                                                             #
# IAR C/C++ Compiler V8.10.1.10194/W32 for 8051         01/Dec/2018  10:46:06 #
# Copyright 2004-2011 IAR Systems AB.                                         #
#                                                                             #
#    Core               =  plain                                              #
#    Code model         =  banked                                             #
#    Data model         =  large                                              #
#    Calling convention =  xdata reentrant                                    #
#    Constant location  =  data_rom                                           #
#    Dptr setup         =  1,16                                               #
#    Source file        =  D:\Junior College\Zigbee development technology    #
#                          and Practice\Zstack系统移植\ZStack-CC2530-2.5.1a\P #
#                          rojects\zstack\Samples\GenericApp\Source\OSAL_Dong #
#                          heAppRouter.c                                      #
#    Command line       =  -f "D:\Junior College\Zigbee development           #
#                          technology and Practice\Zstack系统移植\ZStack-CC25 #
#                          30-2.5.1a\Projects\zstack\Samples\GenericApp\CC253 #
#                          0DB\..\..\..\Tools\CC2530DB\f8wCoord.cfg"          #
#                          (-DCPU32MHZ -DROOT=__near_func                     #
#                          -DMAC_CFG_APP_PENDING_QUEUE=TRUE                   #
#                          -DMAC_CFG_TX_DATA_MAX=5 -DMAC_CFG_TX_MAX=8         #
#                          -DMAC_CFG_RX_MAX=5 -DZDO_COORDINATOR -DRTR_NWK)    #
#                          -f "D:\Junior College\Zigbee development           #
#                          technology and Practice\Zstack系统移植\ZStack-CC25 #
#                          30-2.5.1a\Projects\zstack\Samples\GenericApp\CC253 #
#                          0DB\..\..\..\Tools\CC2530DB\f8wConfig.cfg"         #
#                          (-DZIGBEEPRO -DSECURE=0 -DZG_SECURE_DYNAMIC=0      #
#                          -DREFLECTOR -DDEFAULT_CHANLIST=0x00000800          #
#                          -DZDAPP_CONFIG_PAN_ID=0xFFFF                       #
#                          -DNWK_START_DELAY=100 -DEXTENDED_JOINING_RANDOM_MA #
#                          SK=0x007F -DBEACON_REQUEST_DELAY=100               #
#                          -DBEACON_REQ_DELAY_MASK=0x00FF                     #
#                          -DLINK_STATUS_JITTER_MASK=0x007F                   #
#                          -DROUTE_EXPIRY_TIME=30 -DAPSC_ACK_WAIT_DURATION_PO #
#                          LLED=3000 -DNWK_INDIRECT_MSG_TIMEOUT=7             #
#                          -DMAX_RREQ_ENTRIES=8 -DAPSC_MAX_FRAME_RETRIES=3    #
#                          -DNWK_MAX_DATA_RETRIES=2                           #
#                          -DMAX_POLL_FAILURE_RETRIES=2 -DMAX_BCAST=9         #
#                          -DAPS_MAX_GROUPS=16 -DMAX_RTG_ENTRIES=40           #
#                          -DNWK_MAX_BINDING_ENTRIES=4                        #
#                          -DMAX_BINDING_CLUSTER_IDS=4 "-DDEFAULT_KEY={0x01,  #
#                          0x03, 0x05, 0x07, 0x09, 0x0B, 0x0D, 0x0F, 0x00,    #
#                          0x02, 0x04, 0x06, 0x08, 0x0A, 0x0C, 0x0D}"         #
#                          -DMAC_MAX_FRAME_SIZE=116                           #
#                          -DZDNWKMGR_MIN_TRANSMISSIONS=20 "-DCONST=const     #
#                          __code" -DGENERIC=__generic                        #
#                          -DRFD_RCVC_ALWAYS_ON=FALSE -DPOLL_RATE=1000        #
#                          -DQUEUED_POLL_RATE=100 -DRESPONSE_POLL_RATE=100)   #
#                          -DREJOIN_POLL_RATE=440 "D:\Junior College\Zigbee   #
#                          development technology and                         #
#                          Practice\Zstack系统移植\ZStack-CC2530-2.5.1a\Proje #
#                          cts\zstack\Samples\GenericApp\Source\OSAL_DongheAp #
#                          pRouter.c" -D ZTOOL_P1 -D xMT_TASK -D              #
#                          xMT_SYS_FUNC -D xMT_ZDO_FUNC -D                    #
#                          xLCD_SUPPORTED=DEBUG -lC "D:\Junior                #
#                          College\Zigbee development technology and          #
#                          Practice\Zstack系统移植\ZStack-CC2530-2.5.1a\Proje #
#                          cts\zstack\Samples\GenericApp\CC2530DB\Coordinator #
#                          EB\List\" -lA "D:\Junior College\Zigbee            #
#                          development technology and                         #
#                          Practice\Zstack系统移植\ZStack-CC2530-2.5.1a\Proje #
#                          cts\zstack\Samples\GenericApp\CC2530DB\Coordinator #
#                          EB\List\" --diag_suppress Pe001,Pa010 -o           #
#                          "D:\Junior College\Zigbee development technology   #
#                          and Practice\Zstack系统移植\ZStack-CC2530-2.5.1a\P #
#                          rojects\zstack\Samples\GenericApp\CC2530DB\Coordin #
#                          atorEB\Obj\" -e --no_code_motion --debug           #
#                          --core=plain --dptr=16,1 --data_model=large        #
#                          --code_model=banked --calling_convention=xdata_ree #
#                          ntrant --place_constants=data_rom                  #
#                          --nr_virtual_regs 16 -I "D:\Junior College\Zigbee  #
#                          development technology and                         #
#                          Practice\Zstack系统移植\ZStack-CC2530-2.5.1a\Proje #
#                          cts\zstack\Samples\GenericApp\CC2530DB\" -I        #
#                          "D:\Junior College\Zigbee development technology   #
#                          and Practice\Zstack系统移植\ZStack-CC2530-2.5.1a\P #
#                          rojects\zstack\Samples\GenericApp\CC2530DB\..\Sour #
#                          ce\" -I "D:\Junior College\Zigbee development      #
#                          technology and Practice\Zstack系统移植\ZStack-CC25 #
#                          30-2.5.1a\Projects\zstack\Samples\GenericApp\CC253 #
#                          0DB\..\..\..\ZMain\TI2530DB\" -I "D:\Junior        #
#                          College\Zigbee development technology and          #
#                          Practice\Zstack系统移植\ZStack-CC2530-2.5.1a\Proje #
#                          cts\zstack\Samples\GenericApp\CC2530DB\..\..\..\.. #
#                          \..\Components\hal\include\" -I "D:\Junior         #
#                          College\Zigbee development technology and          #
#                          Practice\Zstack系统移植\ZStack-CC2530-2.5.1a\Proje #
#                          cts\zstack\Samples\GenericApp\CC2530DB\..\..\..\.. #
#                          \..\Components\hal\target\CC2530EB\" -I            #
#                          "D:\Junior College\Zigbee development technology   #
#                          and Practice\Zstack系统移植\ZStack-CC2530-2.5.1a\P #
#                          rojects\zstack\Samples\GenericApp\CC2530DB\..\..\. #
#                          .\..\..\Components\mac\include\" -I "D:\Junior     #
#                          College\Zigbee development technology and          #
#                          Practice\Zstack系统移植\ZStack-CC2530-2.5.1a\Proje #
#                          cts\zstack\Samples\GenericApp\CC2530DB\..\..\..\.. #
#                          \..\Components\mac\high_level\" -I "D:\Junior      #
#                          College\Zigbee development technology and          #
#                          Practice\Zstack系统移植\ZStack-CC2530-2.5.1a\Proje #
#                          cts\zstack\Samples\GenericApp\CC2530DB\..\..\..\.. #
#                          \..\Components\mac\low_level\srf04\" -I            #
#                          "D:\Junior College\Zigbee development technology   #
#                          and Practice\Zstack系统移植\ZStack-CC2530-2.5.1a\P #
#                          rojects\zstack\Samples\GenericApp\CC2530DB\..\..\. #
#                          .\..\..\Components\mac\low_level\srf04\single_chip #
#                          \" -I "D:\Junior College\Zigbee development        #
#                          technology and Practice\Zstack系统移植\ZStack-CC25 #
#                          30-2.5.1a\Projects\zstack\Samples\GenericApp\CC253 #
#                          0DB\..\..\..\..\..\Components\mt\" -I "D:\Junior   #
#                          College\Zigbee development technology and          #
#                          Practice\Zstack系统移植\ZStack-CC2530-2.5.1a\Proje #
#                          cts\zstack\Samples\GenericApp\CC2530DB\..\..\..\.. #
#                          \..\Components\osal\include\" -I "D:\Junior        #
#                          College\Zigbee development technology and          #
#                          Practice\Zstack系统移植\ZStack-CC2530-2.5.1a\Proje #
#                          cts\zstack\Samples\GenericApp\CC2530DB\..\..\..\.. #
#                          \..\Components\services\saddr\" -I "D:\Junior      #
#                          College\Zigbee development technology and          #
#                          Practice\Zstack系统移植\ZStack-CC2530-2.5.1a\Proje #
#                          cts\zstack\Samples\GenericApp\CC2530DB\..\..\..\.. #
#                          \..\Components\services\sdata\" -I "D:\Junior      #
#                          College\Zigbee development technology and          #
#                          Practice\Zstack系统移植\ZStack-CC2530-2.5.1a\Proje #
#                          cts\zstack\Samples\GenericApp\CC2530DB\..\..\..\.. #
#                          \..\Components\stack\af\" -I "D:\Junior            #
#                          College\Zigbee development technology and          #
#                          Practice\Zstack系统移植\ZStack-CC2530-2.5.1a\Proje #
#                          cts\zstack\Samples\GenericApp\CC2530DB\..\..\..\.. #
#                          \..\Components\stack\nwk\" -I "D:\Junior           #
#                          College\Zigbee development technology and          #
#                          Practice\Zstack系统移植\ZStack-CC2530-2.5.1a\Proje #
#                          cts\zstack\Samples\GenericApp\CC2530DB\..\..\..\.. #
#                          \..\Components\stack\sapi\" -I "D:\Junior          #
#                          College\Zigbee development technology and          #
#                          Practice\Zstack系统移植\ZStack-CC2530-2.5.1a\Proje #
#                          cts\zstack\Samples\GenericApp\CC2530DB\..\..\..\.. #
#                          \..\Components\stack\sec\" -I "D:\Junior           #
#                          College\Zigbee development technology and          #
#                          Practice\Zstack系统移植\ZStack-CC2530-2.5.1a\Proje #
#                          cts\zstack\Samples\GenericApp\CC2530DB\..\..\..\.. #
#                          \..\Components\stack\sys\" -I "D:\Junior           #
#                          College\Zigbee development technology and          #
#                          Practice\Zstack系统移植\ZStack-CC2530-2.5.1a\Proje #
#                          cts\zstack\Samples\GenericApp\CC2530DB\..\..\..\.. #
#                          \..\Components\stack\zdo\" -I "D:\Junior           #
#                          College\Zigbee development technology and          #
#                          Practice\Zstack系统移植\ZStack-CC2530-2.5.1a\Proje #
#                          cts\zstack\Samples\GenericApp\CC2530DB\..\..\..\.. #
#                          \..\Components\zmac\" -I "D:\Junior                #
#                          College\Zigbee development technology and          #
#                          Practice\Zstack系统移植\ZStack-CC2530-2.5.1a\Proje #
#                          cts\zstack\Samples\GenericApp\CC2530DB\..\..\..\.. #
#                          \..\Components\zmac\f8w\" -Ohz                     #
#                          --require_prototypes                               #
#    List file          =  D:\Junior College\Zigbee development technology    #
#                          and Practice\Zstack系统移植\ZStack-CC2530-2.5.1a\P #
#                          rojects\zstack\Samples\GenericApp\CC2530DB\Coordin #
#                          atorEB\List\OSAL_DongheAppRouter.lst               #
#    Object file        =  D:\Junior College\Zigbee development technology    #
#                          and Practice\Zstack系统移植\ZStack-CC2530-2.5.1a\P #
#                          rojects\zstack\Samples\GenericApp\CC2530DB\Coordin #
#                          atorEB\Obj\OSAL_DongheAppRouter.r51                #
#                                                                             #
#                                                                             #
###############################################################################

D:\Junior College\Zigbee development technology and Practice\Zstack系统移植\ZStack-CC2530-2.5.1a\Projects\zstack\Samples\GenericApp\Source\OSAL_DongheAppRouter.c
      1          
      2          #include "OSAL_DongheRouter.h"
      3          
      4          /*********************************************************************
      5           * GLOBAL VARIABLES
      6           */
      7          
      8          // The order in this table must be identical to the task initialization calls below in osalInitTask.

   \                                 In  segment XDATA_ROM_C, align 1
      9          const pTaskEventHandlerFn tasksArr[] = {
   \                     tasksArr:
   \   000000   ....         DW ??macEventLoop?relay
   \   000002   ....         DW ??nwk_event_loop?relay
   \   000004   ....         DW ??Hal_ProcessEvent?relay
   \   000006   ....         DW ??APS_event_loop?relay
   \   000008   ....         DW ??ZDApp_event_loop?relay
   \   00000A   ....         DW ??DongheAppRouter_ProcessEvent?relay
     10            macEventLoop,
     11            nwk_event_loop,
     12            Hal_ProcessEvent,
     13            APS_event_loop,
     14            ZDApp_event_loop,
     15          
     16            //用户自定义路由器的事件处理函数
     17            DongheAppRouter_ProcessEvent
     18          };
     19          

   \                                 In  segment XDATA_ROM_C, align 1
     20          const uint8 tasksCnt = sizeof( tasksArr ) / sizeof( tasksArr[0] );
   \                     tasksCnt:
   \   000000   06           DB 6

   \                                 In  segment XDATA_Z, align 1, keep-with-next
     21          uint16 *tasksEvents=NULL;
   \                     tasksEvents:
   \   000000                DS 2
   \   000002                REQUIRE __INIT_XDATA_Z
     22          
     23          /*********************************************************************
     24           * FUNCTIONS
     25           *********************************************************************/
     26          
     27          /*********************************************************************
     28           * @fn      osalInitTasks
     29           *
     30           * @brief   This function invokes the initialization function for each task.
     31           *
     32           * @param   void
     33           *
     34           * @return  none
     35           */

   \                                 In  segment BANKED_CODE, align 1, keep-with-next
     36          void osalInitTasks( void )
   \                     osalInitTasks:
     37          {
   \   000000   C082         PUSH    DPL
   \   000002   C083         PUSH    DPH
   \   000004                ; Saved register size: 2
   \   000004                ; Auto size: 0
     38            uint8 taskID = 0;
     39          
     40            tasksEvents = (uint16 *)osal_mem_alloc( sizeof( uint16 ) * tasksCnt);
   \   000004                ; Setup parameters for call to function osal_mem_alloc
   \   000004   7A0C         MOV     R2,#0xc
   \   000006   7B00         MOV     R3,#0x0
   \   000008   12....       LCALL   ??osal_mem_alloc?relay
   \   00000B   90....       MOV     DPTR,#tasksEvents
   \   00000E   EA           MOV     A,R2
   \   00000F   F0           MOVX    @DPTR,A
   \   000010   A3           INC     DPTR
   \   000011   EB           MOV     A,R3
   \   000012   F0           MOVX    @DPTR,A
     41            osal_memset( tasksEvents, 0, (sizeof( uint16 ) * tasksCnt));
   \   000013                ; Setup parameters for call to function osal_memset
   \   000013   7C0C         MOV     R4,#0xc
   \   000015   7D00         MOV     R5,#0x0
   \   000017   7900         MOV     R1,#0x0
   \   000019   12....       LCALL   ??osal_memset?relay
     42          
     43            macTaskInit( taskID++ );
   \   00001C                ; Setup parameters for call to function macTaskInit
   \   00001C   7900         MOV     R1,#0x0
   \   00001E   12....       LCALL   ??macTaskInit?relay
     44            nwk_init( taskID++ );
   \   000021                ; Setup parameters for call to function nwk_init
   \   000021   7901         MOV     R1,#0x1
   \   000023   12....       LCALL   ??nwk_init?relay
     45            Hal_Init( taskID++ );
   \   000026                ; Setup parameters for call to function Hal_Init
   \   000026   7902         MOV     R1,#0x2
   \   000028   12....       LCALL   ??Hal_Init?relay
     46            APS_Init( taskID++ );
   \   00002B                ; Setup parameters for call to function APS_Init
   \   00002B   7903         MOV     R1,#0x3
   \   00002D   12....       LCALL   ??APS_Init?relay
     47            ZDApp_Init( taskID++ );
   \   000030                ; Setup parameters for call to function ZDApp_Init
   \   000030   7904         MOV     R1,#0x4
   \   000032   12....       LCALL   ??ZDApp_Init?relay
     48          
     49            //用户自定义路由器或终端的事任务初始化
     50            DongheAppRouter_Init(taskID++);
   \   000035                ; Setup parameters for call to function DongheAppRouter_Init
   \   000035   7905         MOV     R1,#0x5
   \   000037   12....       LCALL   ??DongheAppRouter_Init?relay
     51          }
   \   00003A   D083         POP     DPH
   \   00003C   D082         POP     DPL
   \   00003E   02....       LJMP    ?BRET

   \                                 In  segment BANK_RELAYS, align 1
   \                     ??osalInitTasks?relay:
   \   000000   12....       LCALL   ?BDISPATCH
   \   000003   ......       DC24    osalInitTasks
     52          
     53          /*********************************************************************
     54          *********************************************************************/

   Maximum stack usage in bytes:

     Function                  ISTACK PSTACK XSTACK
     --------                  ------ ------ ------
     osalInitTasks                 2      0      0
       -> osal_mem_alloc           4      0      0
       -> osal_memset              4      0      0
       -> macTaskInit              4      0      0
       -> nwk_init                 4      0      0
       -> Hal_Init                 4      0      0
       -> APS_Init                 4      0      0
       -> ZDApp_Init               4      0      0
       -> DongheAppRouter_Init     4      0      0


   Segment part sizes:

     Function/Label        Bytes
     --------------        -----
     tasksArr                12
     tasksCnt                 1
     tasksEvents              2
     osalInitTasks           65
     ??osalInitTasks?relay    6

 
 65 bytes in segment BANKED_CODE
  6 bytes in segment BANK_RELAYS
 13 bytes in segment XDATA_ROM_C
  2 bytes in segment XDATA_Z
 
 71 bytes of CODE  memory
 13 bytes of CONST memory
  2 bytes of XDATA memory

Errors: none
Warnings: none
