###############################################################################
#                                                                             #
# IAR C/C++ Compiler V8.10.1.10194/W32 for 8051         06/Dec/2018  20:24:53 #
# Copyright 2004-2011 IAR Systems AB.                                         #
#                                                                             #
#    Core               =  plain                                              #
#    Code model         =  banked                                             #
#    Data model         =  large                                              #
#    Calling convention =  xdata reentrant                                    #
#    Constant location  =  data_rom                                           #
#    Dptr setup         =  1,16                                               #
#    Source file        =  D:\Junior College\Zigbee development technology    #
#                          and Practice\Zstack系统移植\ZStack-CC2530-2.5.1a\C #
#                          omponents\hal\common\hal_drivers.c                 #
#    Command line       =  -f "D:\Junior College\Zigbee development           #
#                          technology and Practice\Zstack系统移植\ZStack-CC25 #
#                          30-2.5.1a\Projects\zstack\Samples\GenericApp\CC253 #
#                          0DB\..\..\..\Tools\CC2530DB\f8wRouter.cfg"         #
#                          (-DCPU32MHZ -DROOT=__near_func                     #
#                          -DMAC_CFG_APP_PENDING_QUEUE=TRUE                   #
#                          -DMAC_CFG_TX_DATA_MAX=5 -DMAC_CFG_TX_MAX=8         #
#                          -DMAC_CFG_RX_MAX=5 -DRTR_NWK) -f "D:\Junior        #
#                          College\Zigbee development technology and          #
#                          Practice\Zstack系统移植\ZStack-CC2530-2.5.1a\Proje #
#                          cts\zstack\Samples\GenericApp\CC2530DB\..\..\..\To #
#                          ols\CC2530DB\f8wConfig.cfg" (-DZIGBEEPRO           #
#                          -DSECURE=0 -DZG_SECURE_DYNAMIC=0 -DREFLECTOR       #
#                          -DDEFAULT_CHANLIST=0x00000800                      #
#                          -DZDAPP_CONFIG_PAN_ID=0xFFFF                       #
#                          -DNWK_START_DELAY=100 -DEXTENDED_JOINING_RANDOM_MA #
#                          SK=0x007F -DBEACON_REQUEST_DELAY=100               #
#                          -DBEACON_REQ_DELAY_MASK=0x00FF                     #
#                          -DLINK_STATUS_JITTER_MASK=0x007F                   #
#                          -DROUTE_EXPIRY_TIME=30 -DAPSC_ACK_WAIT_DURATION_PO #
#                          LLED=3000 -DNWK_INDIRECT_MSG_TIMEOUT=7             #
#                          -DMAX_RREQ_ENTRIES=8 -DAPSC_MAX_FRAME_RETRIES=3    #
#                          -DNWK_MAX_DATA_RETRIES=2                           #
#                          -DMAX_POLL_FAILURE_RETRIES=2 -DMAX_BCAST=9         #
#                          -DAPS_MAX_GROUPS=16 -DMAX_RTG_ENTRIES=40           #
#                          -DNWK_MAX_BINDING_ENTRIES=4                        #
#                          -DMAX_BINDING_CLUSTER_IDS=4 "-DDEFAULT_KEY={0x01,  #
#                          0x03, 0x05, 0x07, 0x09, 0x0B, 0x0D, 0x0F, 0x00,    #
#                          0x02, 0x04, 0x06, 0x08, 0x0A, 0x0C, 0x0D}"         #
#                          -DMAC_MAX_FRAME_SIZE=116                           #
#                          -DZDNWKMGR_MIN_TRANSMISSIONS=20 "-DCONST=const     #
#                          __code" -DGENERIC=__generic                        #
#                          -DRFD_RCVC_ALWAYS_ON=FALSE -DPOLL_RATE=1000        #
#                          -DQUEUED_POLL_RATE=100 -DRESPONSE_POLL_RATE=100)   #
#                          -DREJOIN_POLL_RATE=440 "D:\Junior College\Zigbee   #
#                          development technology and                         #
#                          Practice\Zstack系统移植\ZStack-CC2530-2.5.1a\Compo #
#                          nents\hal\common\hal_drivers.c" -D ZTOOL_P1 -D     #
#                          xMT_TASK -D xMT_SYS_FUNC -D xMT_ZDO_FUNC -D        #
#                          xLCD_SUPPORTED=DEBUG -lC "D:\Junior                #
#                          College\Zigbee development technology and          #
#                          Practice\Zstack系统移植\ZStack-CC2530-2.5.1a\Proje #
#                          cts\zstack\Samples\GenericApp\CC2530DB\RouterEB\Li #
#                          st\" -lA "D:\Junior College\Zigbee development     #
#                          technology and Practice\Zstack系统移植\ZStack-CC25 #
#                          30-2.5.1a\Projects\zstack\Samples\GenericApp\CC253 #
#                          0DB\RouterEB\List\" --diag_suppress Pe001,Pa010    #
#                          -o "D:\Junior College\Zigbee development           #
#                          technology and Practice\Zstack系统移植\ZStack-CC25 #
#                          30-2.5.1a\Projects\zstack\Samples\GenericApp\CC253 #
#                          0DB\RouterEB\Obj\" -e --no_code_motion --debug     #
#                          --core=plain --dptr=16,1 --data_model=large        #
#                          --code_model=banked --calling_convention=xdata_ree #
#                          ntrant --place_constants=data_rom                  #
#                          --nr_virtual_regs 16 -I "D:\Junior College\Zigbee  #
#                          development technology and                         #
#                          Practice\Zstack系统移植\ZStack-CC2530-2.5.1a\Proje #
#                          cts\zstack\Samples\GenericApp\CC2530DB\" -I        #
#                          "D:\Junior College\Zigbee development technology   #
#                          and Practice\Zstack系统移植\ZStack-CC2530-2.5.1a\P #
#                          rojects\zstack\Samples\GenericApp\CC2530DB\..\Sour #
#                          ce\" -I "D:\Junior College\Zigbee development      #
#                          technology and Practice\Zstack系统移植\ZStack-CC25 #
#                          30-2.5.1a\Projects\zstack\Samples\GenericApp\CC253 #
#                          0DB\..\..\..\ZMain\TI2530DB\" -I "D:\Junior        #
#                          College\Zigbee development technology and          #
#                          Practice\Zstack系统移植\ZStack-CC2530-2.5.1a\Proje #
#                          cts\zstack\Samples\GenericApp\CC2530DB\..\..\..\.. #
#                          \..\Components\hal\include\" -I "D:\Junior         #
#                          College\Zigbee development technology and          #
#                          Practice\Zstack系统移植\ZStack-CC2530-2.5.1a\Proje #
#                          cts\zstack\Samples\GenericApp\CC2530DB\..\..\..\.. #
#                          \..\Components\hal\target\CC2530EB\" -I            #
#                          "D:\Junior College\Zigbee development technology   #
#                          and Practice\Zstack系统移植\ZStack-CC2530-2.5.1a\P #
#                          rojects\zstack\Samples\GenericApp\CC2530DB\..\..\. #
#                          .\..\..\Components\mac\include\" -I "D:\Junior     #
#                          College\Zigbee development technology and          #
#                          Practice\Zstack系统移植\ZStack-CC2530-2.5.1a\Proje #
#                          cts\zstack\Samples\GenericApp\CC2530DB\..\..\..\.. #
#                          \..\Components\mac\high_level\" -I "D:\Junior      #
#                          College\Zigbee development technology and          #
#                          Practice\Zstack系统移植\ZStack-CC2530-2.5.1a\Proje #
#                          cts\zstack\Samples\GenericApp\CC2530DB\..\..\..\.. #
#                          \..\Components\mac\low_level\srf04\" -I            #
#                          "D:\Junior College\Zigbee development technology   #
#                          and Practice\Zstack系统移植\ZStack-CC2530-2.5.1a\P #
#                          rojects\zstack\Samples\GenericApp\CC2530DB\..\..\. #
#                          .\..\..\Components\mac\low_level\srf04\single_chip #
#                          \" -I "D:\Junior College\Zigbee development        #
#                          technology and Practice\Zstack系统移植\ZStack-CC25 #
#                          30-2.5.1a\Projects\zstack\Samples\GenericApp\CC253 #
#                          0DB\..\..\..\..\..\Components\mt\" -I "D:\Junior   #
#                          College\Zigbee development technology and          #
#                          Practice\Zstack系统移植\ZStack-CC2530-2.5.1a\Proje #
#                          cts\zstack\Samples\GenericApp\CC2530DB\..\..\..\.. #
#                          \..\Components\osal\include\" -I "D:\Junior        #
#                          College\Zigbee development technology and          #
#                          Practice\Zstack系统移植\ZStack-CC2530-2.5.1a\Proje #
#                          cts\zstack\Samples\GenericApp\CC2530DB\..\..\..\.. #
#                          \..\Components\services\saddr\" -I "D:\Junior      #
#                          College\Zigbee development technology and          #
#                          Practice\Zstack系统移植\ZStack-CC2530-2.5.1a\Proje #
#                          cts\zstack\Samples\GenericApp\CC2530DB\..\..\..\.. #
#                          \..\Components\services\sdata\" -I "D:\Junior      #
#                          College\Zigbee development technology and          #
#                          Practice\Zstack系统移植\ZStack-CC2530-2.5.1a\Proje #
#                          cts\zstack\Samples\GenericApp\CC2530DB\..\..\..\.. #
#                          \..\Components\stack\af\" -I "D:\Junior            #
#                          College\Zigbee development technology and          #
#                          Practice\Zstack系统移植\ZStack-CC2530-2.5.1a\Proje #
#                          cts\zstack\Samples\GenericApp\CC2530DB\..\..\..\.. #
#                          \..\Components\stack\nwk\" -I "D:\Junior           #
#                          College\Zigbee development technology and          #
#                          Practice\Zstack系统移植\ZStack-CC2530-2.5.1a\Proje #
#                          cts\zstack\Samples\GenericApp\CC2530DB\..\..\..\.. #
#                          \..\Components\stack\sapi\" -I "D:\Junior          #
#                          College\Zigbee development technology and          #
#                          Practice\Zstack系统移植\ZStack-CC2530-2.5.1a\Proje #
#                          cts\zstack\Samples\GenericApp\CC2530DB\..\..\..\.. #
#                          \..\Components\stack\sec\" -I "D:\Junior           #
#                          College\Zigbee development technology and          #
#                          Practice\Zstack系统移植\ZStack-CC2530-2.5.1a\Proje #
#                          cts\zstack\Samples\GenericApp\CC2530DB\..\..\..\.. #
#                          \..\Components\stack\sys\" -I "D:\Junior           #
#                          College\Zigbee development technology and          #
#                          Practice\Zstack系统移植\ZStack-CC2530-2.5.1a\Proje #
#                          cts\zstack\Samples\GenericApp\CC2530DB\..\..\..\.. #
#                          \..\Components\stack\zdo\" -I "D:\Junior           #
#                          College\Zigbee development technology and          #
#                          Practice\Zstack系统移植\ZStack-CC2530-2.5.1a\Proje #
#                          cts\zstack\Samples\GenericApp\CC2530DB\..\..\..\.. #
#                          \..\Components\zmac\" -I "D:\Junior                #
#                          College\Zigbee development technology and          #
#                          Practice\Zstack系统移植\ZStack-CC2530-2.5.1a\Proje #
#                          cts\zstack\Samples\GenericApp\CC2530DB\..\..\..\.. #
#                          \..\Components\zmac\f8w\" -Ohz                     #
#                          --require_prototypes                               #
#    List file          =  D:\Junior College\Zigbee development technology    #
#                          and Practice\Zstack系统移植\ZStack-CC2530-2.5.1a\P #
#                          rojects\zstack\Samples\GenericApp\CC2530DB\RouterE #
#                          B\List\hal_drivers.lst                             #
#    Object file        =  D:\Junior College\Zigbee development technology    #
#                          and Practice\Zstack系统移植\ZStack-CC2530-2.5.1a\P #
#                          rojects\zstack\Samples\GenericApp\CC2530DB\RouterE #
#                          B\Obj\hal_drivers.r51                              #
#                                                                             #
#                                                                             #
###############################################################################

D:\Junior College\Zigbee development technology and Practice\Zstack系统移植\ZStack-CC2530-2.5.1a\Components\hal\common\hal_drivers.c
      1          /**************************************************************************************************
      2            Filename:       hal_drivers.c
      3            Revised:        $Date: 2007-07-06 10:42:24 -0700 (Fri, 06 Jul 2007) $
      4            Revision:       $Revision: 13579 $
      5          
      6            Description:    This file contains the interface to the Drivers Service.
      7          
      8          
      9            Copyright 2005-2010 Texas Instruments Incorporated. All rights reserved.
     10          
     11            IMPORTANT: Your use of this Software is limited to those specific rights
     12            granted under the terms of a software license agreement between the user
     13            who downloaded the software, his/her employer (which must be your employer)
     14            and Texas Instruments Incorporated (the "License").  You may not use this
     15            Software unless you agree to abide by the terms of the License. The License
     16            limits your use, and you acknowledge, that the Software may not be modified,
     17            copied or distributed unless embedded on a Texas Instruments microcontroller
     18            or used solely and exclusively in conjunction with a Texas Instruments radio
     19            frequency transceiver, which is integrated into your product.  Other than for
     20            the foregoing purpose, you may not use, reproduce, copy, prepare derivative
     21            works of, modify, distribute, perform, display or sell this Software and/or
     22            its documentation for any purpose.
     23          
     24            YOU FURTHER ACKNOWLEDGE AND AGREE THAT THE SOFTWARE AND DOCUMENTATION ARE
     25            PROVIDED AS IS?WITHOUT WARRANTY OF ANY KIND, EITHER EXPRESS OR IMPLIED,
     26            INCLUDING WITHOUT LIMITATION, ANY WARRANTY OF MERCHANTABILITY, TITLE,
     27            NON-INFRINGEMENT AND FITNESS FOR A PARTICULAR PURPOSE. IN NO EVENT SHALL
     28            TEXAS INSTRUMENTS OR ITS LICENSORS BE LIABLE OR OBLIGATED UNDER CONTRACT,
     29            NEGLIGENCE, STRICT LIABILITY, CONTRIBUTION, BREACH OF WARRANTY, OR OTHER
     30            LEGAL EQUITABLE THEORY ANY DIRECT OR INDIRECT DAMAGES OR EXPENSES
     31            INCLUDING BUT NOT LIMITED TO ANY INCIDENTAL, SPECIAL, INDIRECT, PUNITIVE
     32            OR CONSEQUENTIAL DAMAGES, LOST PROFITS OR LOST DATA, COST OF PROCUREMENT
     33            OF SUBSTITUTE GOODS, TECHNOLOGY, SERVICES, OR ANY CLAIMS BY THIRD PARTIES
     34            (INCLUDING BUT NOT LIMITED TO ANY DEFENSE THEREOF), OR OTHER SIMILAR COSTS.
     35          
     36            Should you have any questions regarding your right to use this Software,
     37            contact Texas Instruments Incorporated at www.TI.com.
     38          **************************************************************************************************/
     39          
     40          
     41          /**************************************************************************************************
     42           *                                            INCLUDES
     43           **************************************************************************************************/
     44          #include "hal_types.h"
     45          #include "OSAL.h"
     46          #include "hal_drivers.h"
     47          #include "hal_adc.h"
     48          #if (defined HAL_DMA) && (HAL_DMA == TRUE)
     49            #include "hal_dma.h"
     50          #endif
     51          #include "hal_key.h"
     52          #include "hal_lcd.h"
     53          #include "hal_led.h"
     54          #include "hal_timer.h"
     55          #include "hal_uart.h"
     56          #include "hal_sleep.h"
     57          #if (defined HAL_AES) && (HAL_AES == TRUE)
     58            #include "hal_aes.h"
     59          #endif
     60          
     61          #if (defined HAL_SPI) && (HAL_SPI == TRUE)
     62            #include "hal_spi.h"
     63          #endif
     64          #if (defined HAL_HID) && (HAL_HID == TRUE)
     65            #include "usb_hid.h"
     66          #endif
     67          
     68          #ifdef CC2591_COMPRESSION_WORKAROUND
     69            #include "mac_rx.h"
     70          #endif
     71          
     72          /**************************************************************************************************
     73           *                                            MACROS
     74           **************************************************************************************************/
     75          
     76          
     77          
     78          /**************************************************************************************************
     79           *                                          CONSTANTS
     80           **************************************************************************************************/
     81          
     82          
     83          /**************************************************************************************************
     84           *                                          TYPEDEFS
     85           **************************************************************************************************/
     86          
     87          
     88          /**************************************************************************************************
     89           *                                      GLOBAL VARIABLES
     90           **************************************************************************************************/

   \                                 In  segment XDATA_Z, align 1, keep-with-next
     91          uint8 Hal_TaskID;
   \                     Hal_TaskID:
   \   000000                DS 1
   \   000001                REQUIRE __INIT_XDATA_Z
     92          
     93          
     94          
     95          
     96          

   \                                 In  segment XDATA_I, align 1, keep-with-next
     97          unsigned char seg5table[16] = {
   \                     seg5table:
   \   000000                DS 16
   \   000010                REQUIRE `?<Initializer for seg5table>`
   \   000010                REQUIRE __INIT_XDATA_I
     98              /* 0       1       2       3       4       5       6      7*/
     99              0xc0,   0xf9,   0xa4,   0xb0,   0x99,   0x92,   0x82,   0xf8,
    100              /* 8       9      A        B       C       D       E      F*/
    101              0x80,   0x90,   0x88,   0x83,   0xc6,   0xa1,   0x86,   0x8e };
    102          
    103          
    104          
    105          
    106          
    107          
    108          
    109          
    110          extern void HalLedUpdate( void ); /* Notes: This for internal only so it shouldn't be in hal_led.h */
    111          
    112          /**************************************************************************************************
    113           *                                      FUNCTIONS - API
    114           **************************************************************************************************/
    115          
    116          /**************************************************************************************************
    117           * @fn      Hal_Init
    118           *
    119           * @brief   Hal Initialization function.
    120           *
    121           * @param   task_id - Hal TaskId
    122           *
    123           * @return  None
    124           **************************************************************************************************/

   \                                 In  segment BANKED_CODE, align 1, keep-with-next
    125          void Hal_Init( uint8 task_id )
   \                     Hal_Init:
    126          {
   \   000000   C082         PUSH    DPL
   \   000002   C083         PUSH    DPH
   \   000004                ; Saved register size: 2
   \   000004                ; Auto size: 0
    127            /* Register task ID */
    128            Hal_TaskID = task_id;
   \   000004   E9           MOV     A,R1
   \   000005   90....       MOV     DPTR,#Hal_TaskID
   \   000008   F0           MOVX    @DPTR,A
    129          
    130          #ifdef CC2591_COMPRESSION_WORKAROUND
    131            osal_start_reload_timer( Hal_TaskID, PERIOD_RSSI_RESET_EVT, PERIOD_RSSI_RESET_TIMEOUT );
    132          #endif
    133          }
   \   000009                REQUIRE ?Subroutine0
   \   000009                ; // Fall through to label ?Subroutine0

   \                                 In  segment BANKED_CODE, align 1, keep-with-next
   \                     ?Subroutine0:
   \   000000   D083         POP     DPH
   \   000002   D082         POP     DPL
   \   000004   02....       LJMP    ?BRET
    134          
    135          /**************************************************************************************************
    136           * @fn      Hal_DriverInit
    137           *
    138           * @brief   Initialize HW - These need to be initialized before anyone.
    139           *
    140           * @param   task_id - Hal TaskId
    141           *
    142           * @return  None
    143           **************************************************************************************************/

   \                                 In  segment BANKED_CODE, align 1, keep-with-next
    144          void HalDriverInit (void)
   \                     HalDriverInit:
    145          {
   \   000000   C082         PUSH    DPL
   \   000002   C083         PUSH    DPH
   \   000004                ; Saved register size: 2
   \   000004                ; Auto size: 0
    146            /* TIMER */
    147          #if (defined HAL_TIMER) && (HAL_TIMER == TRUE)
    148            #error "The hal timer driver module is removed."
    149          #endif
    150          
    151            /* ADC */
    152          #if (defined HAL_ADC) && (HAL_ADC == TRUE)
    153            HalAdcInit();
   \   000004                ; Setup parameters for call to function HalAdcInit
   \   000004   12....       LCALL   ??HalAdcInit?relay
    154          #endif
    155          
    156            /* DMA */
    157          #if (defined HAL_DMA) && (HAL_DMA == TRUE)
    158            // Must be called before the init call to any module that uses DMA.
    159            HalDmaInit();
   \   000007                ; Setup parameters for call to function HalDmaInit
   \   000007   12....       LCALL   ??HalDmaInit?relay
    160          #endif
    161            /* AES */
    162          #if (defined HAL_AES) && (HAL_AES == TRUE)
    163            HalAesInit();
   \   00000A                ; Setup parameters for call to function HalAesInit
   \   00000A   12....       LCALL   ??HalAesInit?relay
    164          #endif
    165           
    166            /* LCD */
    167          #if (defined HAL_LCD) && (HAL_LCD == TRUE)
    168            HalLcdInit();
    169          #endif
    170            
    171            /* LED */
    172          #if (defined HAL_LED) && (HAL_LED == TRUE)
    173            HalLedInit();
   \   00000D                ; Setup parameters for call to function HalLedInit
   \   00000D   12....       LCALL   ??HalLedInit?relay
    174          #endif
    175            /* UART */
    176          #if (defined HAL_UART) && (HAL_UART == TRUE)
    177            HalUARTInit();
   \   000010                ; Setup parameters for call to function HalUARTInit
   \   000010   12....       LCALL   ??HalUARTInit?relay
    178          #endif
    179            /* KEY */
    180          #if (defined HAL_KEY) && (HAL_KEY == TRUE)
    181            HalKeyInit();
    182          #endif
    183          
    184            /* SPI */
    185          #if (defined HAL_SPI) && (HAL_SPI == TRUE)
    186            HalSpiInit();
    187          #endif
    188          
    189            /* HID */
    190          #if (defined HAL_HID) && (HAL_HID == TRUE)
    191            usbHidInit();
    192          #endif
    193          }
   \   000013   80..         SJMP    ?Subroutine0
    194          
    195          
    196          /**************************************************************************************************
    197           * @fn      Hal_ProcessEvent
    198           *
    199           * @brief   Hal Process Event
    200           *
    201           * @param   task_id - Hal TaskId
    202           *          events - events
    203           *
    204           * @return  None
    205           **************************************************************************************************/

   \                                 In  segment BANKED_CODE, align 1, keep-with-next
    206          uint16 Hal_ProcessEvent( uint8 task_id, uint16 events )
   \                     Hal_ProcessEvent:
    207          {
   \   000000   74F6         MOV     A,#-0xa
   \   000002   12....       LCALL   ?BANKED_ENTER_XDATA
   \   000005                ; Saved register size: 10
   \   000005                ; Auto size: 0
   \   000005   EA           MOV     A,R2
   \   000006   FE           MOV     R6,A
   \   000007   EB           MOV     A,R3
   \   000008   FF           MOV     R7,A
    208            uint8 *msgPtr;
    209          
    210            (void)task_id;  // Intentionally unreferenced parameter
    211          
    212            if ( events & SYS_EVENT_MSG )
   \   000009   5480         ANL     A,#0x80
   \   00000B   6019         JZ      ??Hal_ProcessEvent_0
    213            {
    214              msgPtr = osal_msg_receive(Hal_TaskID);
   \   00000D                ; Setup parameters for call to function osal_msg_receive
   \   00000D   8003         SJMP    ??Hal_ProcessEvent_1
    215          
    216              while (msgPtr)
    217              {
    218                /* Do something here - for now, just deallocate the msg and move on */
    219          
    220                /* De-allocate */
    221                osal_msg_deallocate( msgPtr );
   \                     ??Hal_ProcessEvent_2:
   \   00000F                ; Setup parameters for call to function osal_msg_deallocate
   \   00000F   12....       LCALL   ??osal_msg_deallocate?relay
    222                /* Next */
    223                msgPtr = osal_msg_receive( Hal_TaskID );
   \   000012                ; Setup parameters for call to function osal_msg_receive
   \                     ??Hal_ProcessEvent_1:
   \   000012   90....       MOV     DPTR,#Hal_TaskID
   \   000015   E0           MOVX    A,@DPTR
   \   000016   F9           MOV     R1,A
   \   000017   12....       LCALL   ??osal_msg_receive?relay
    224              }
   \   00001A   EA           MOV     A,R2
   \   00001B   4B           ORL     A,R3
   \   00001C   70F1         JNZ     ??Hal_ProcessEvent_2
    225              return events ^ SYS_EVENT_MSG;
   \   00001E   EE           MOV     A,R6
   \   00001F   FA           MOV     R2,A
   \   000020   EF           MOV     A,R7
   \   000021   6480         XRL     A,#0x80
   \                     ??Hal_ProcessEvent_3:
   \   000023   FB           MOV     R3,A
   \   000024   801D         SJMP    ??Hal_ProcessEvent_4
    226            }
    227          
    228            if ( events & HAL_LED_BLINK_EVENT )
   \                     ??Hal_ProcessEvent_0:
   \   000026   EE           MOV     A,R6
   \   000027   5402         ANL     A,#0x2
   \   000029   600A         JZ      ??Hal_ProcessEvent_5
    229            {
    230          #if (defined (BLINK_LEDS)) && (HAL_LED == TRUE)
    231              HalLedUpdate();
   \   00002B                ; Setup parameters for call to function HalLedUpdate
   \   00002B   12....       LCALL   ??HalLedUpdate?relay
    232          #endif /* BLINK_LEDS && HAL_LED */
    233              return events ^ HAL_LED_BLINK_EVENT;
   \   00002E   EE           MOV     A,R6
   \   00002F   6402         XRL     A,#0x2
   \   000031   FA           MOV     R2,A
   \   000032   EF           MOV     A,R7
   \   000033   80EE         SJMP    ??Hal_ProcessEvent_3
    234            }
    235          
    236            if (events & HAL_KEY_EVENT)
   \                     ??Hal_ProcessEvent_5:
   \   000035   EE           MOV     A,R6
   \   000036   A2E0         MOV     C,0xE0 /* A   */.0
   \   000038   5005         JNC     ??Hal_ProcessEvent_6
    237            {
    238          
    239          #if (defined HAL_KEY) && (HAL_KEY == TRUE)
    240              /* Check for keys */
    241              HalKeyPoll();
    242          
    243              /* if interrupt disabled, do next polling */
    244              if (!Hal_KeyIntEnable)
    245              {
    246                osal_start_timerEx( Hal_TaskID, HAL_KEY_EVENT, 100);
    247              }
    248          #endif // HAL_KEY
    249          
    250              return events ^ HAL_KEY_EVENT;
   \   00003A   6401         XRL     A,#0x1
   \   00003C   FA           MOV     R2,A
   \   00003D   8004         SJMP    ??Hal_ProcessEvent_4
    251            }
    252          
    253          #ifdef POWER_SAVING
    254            if ( events & HAL_SLEEP_TIMER_EVENT )
    255            {
    256              halRestoreSleepLevel();
    257              return events ^ HAL_SLEEP_TIMER_EVENT;
    258            }
    259          #endif
    260          
    261          #ifdef CC2591_COMPRESSION_WORKAROUND
    262            if ( events & PERIOD_RSSI_RESET_EVT )
    263            {
    264              macRxResetRssi();
    265              return (events ^ PERIOD_RSSI_RESET_EVT);
    266            }
    267          #endif
    268          
    269            /* Nothing interested, discard the message */
    270            return 0;
   \                     ??Hal_ProcessEvent_6:
   \   00003F   7A00         MOV     R2,#0x0
   \   000041   7B00         MOV     R3,#0x0
   \                     ??Hal_ProcessEvent_4:
   \   000043   7F02         MOV     R7,#0x2
   \   000045   02....       LJMP    ?BANKED_LEAVE_XDATA
    271          
    272          }
    273          
    274          /**************************************************************************************************
    275           * @fn      Hal_ProcessPoll
    276           *
    277           * @brief   This routine will be called by OSAL to poll UART, TIMER...
    278           *
    279           * @param   task_id - Hal TaskId
    280           *
    281           * @return  None
    282           **************************************************************************************************/

   \                                 In  segment BANKED_CODE, align 1, keep-with-next
    283          void Hal_ProcessPoll ()
   \                     Hal_ProcessPoll:
    284          {
   \   000000   C082         PUSH    DPL
   \   000002   C083         PUSH    DPH
   \   000004                ; Saved register size: 2
   \   000004                ; Auto size: 0
    285          
    286            /* Timer Poll */
    287          #if (defined HAL_TIMER) && (HAL_TIMER == TRUE)
    288            #error "The hal timer driver module is removed."
    289          #endif
    290          
    291            /* UART Poll */
    292          #if (defined HAL_UART) && (HAL_UART == TRUE)
    293            HalUARTPoll();
   \   000004                ; Setup parameters for call to function HalUARTPoll
   \   000004   12....       LCALL   ??HalUARTPoll?relay
    294          #endif
    295          
    296            /* SPI Poll */
    297          #if (defined HAL_SPI) && (HAL_SPI == TRUE)
    298            HalSpiPoll();
    299          #endif
    300          
    301            /* HID poll */
    302          #if (defined HAL_HID) && (HAL_HID == TRUE)
    303            usbHidProcessEvents();
    304          #endif
    305          
    306          #if defined( POWER_SAVING )
    307            /* Allow sleep before the next OSAL event loop */
    308            ALLOW_SLEEP_MODE();
    309          #endif
    310          
    311          }
   \   000007   80..         SJMP    ?Subroutine0

   \                                 In  segment XDATA_ID, align 1, keep-with-next
   \                     `?<Initializer for seg5table>`:
   \   000000   C0           DB 192
   \   000001   F9           DB 249
   \   000002   A4           DB 164
   \   000003   B0           DB 176
   \   000004   99           DB 153
   \   000005   92           DB 146
   \   000006   82           DB 130
   \   000007   F8           DB 248
   \   000008   80           DB 128
   \   000009   90           DB 144
   \   00000A   88           DB 136
   \   00000B   83           DB 131
   \   00000C   C6           DB 198
   \   00000D   A1           DB 161
   \   00000E   86           DB 134
   \   00000F   8E           DB 142

   \                                 In  segment BANK_RELAYS, align 1
   \                     ??Hal_Init?relay:
   \   000000   12....       LCALL   ?BDISPATCH
   \   000003   ......       DC24    Hal_Init

   \                                 In  segment BANK_RELAYS, align 1
   \                     ??HalDriverInit?relay:
   \   000000   12....       LCALL   ?BDISPATCH
   \   000003   ......       DC24    HalDriverInit

   \                                 In  segment BANK_RELAYS, align 1
   \                     ??Hal_ProcessEvent?relay:
   \   000000   12....       LCALL   ?BDISPATCH
   \   000003   ......       DC24    Hal_ProcessEvent

   \                                 In  segment BANK_RELAYS, align 1
   \                     ??Hal_ProcessPoll?relay:
   \   000000   12....       LCALL   ?BDISPATCH
   \   000003   ......       DC24    Hal_ProcessPoll
    312          
    313          
    314          /**************************************************************************************************
    315          **************************************************************************************************/
    316          

   Maximum stack usage in bytes:

     Function                 ISTACK PSTACK XSTACK
     --------                 ------ ------ ------
     HalDriverInit                2      0      0
       -> HalAdcInit              4      0      0
       -> HalDmaInit              4      0      0
       -> HalAesInit              4      0      0
       -> HalLedInit              4      0      0
       -> HalUARTInit             4      0      0
     Hal_Init                     2      0      0
     Hal_ProcessEvent             0      0     10
       -> osal_msg_receive        0      0     20
       -> osal_msg_deallocate     0      0     20
       -> osal_msg_receive        0      0     20
       -> HalLedUpdate            0      0     20
     Hal_ProcessPoll              2      0      0
       -> HalUARTPoll             4      0      0


   Segment part sizes:

     Function/Label               Bytes
     --------------               -----
     Hal_TaskID                      1
     seg5table                      16
     Hal_Init                        9
     ?Subroutine0                    7
     HalDriverInit                  21
     Hal_ProcessEvent               72
     Hal_ProcessPoll                 9
     ?<Initializer for seg5table>   16
     ??Hal_Init?relay                6
     ??HalDriverInit?relay           6
     ??Hal_ProcessEvent?relay        6
     ??Hal_ProcessPoll?relay         6

 
 118 bytes in segment BANKED_CODE
  24 bytes in segment BANK_RELAYS
  16 bytes in segment XDATA_I
  16 bytes in segment XDATA_ID
   1 byte  in segment XDATA_Z
 
 158 bytes of CODE  memory
  17 bytes of XDATA memory

Errors: none
Warnings: none
